<?xml version="1.0" encoding="UTF-8"?>
<!-- Generated by org.testng.reporters.JUnitReportReporter -->
<testsuite skipped="0" hostname="Workstation" name="example.NewTest" tests="1" failures="0" timestamp="23 Mar 2021 22:33:23 GMT" time="0.014" errors="0">
  <testcase name="f" time="0.014" classname="example.NewTest"/>
</testsuite> <!-- example.NewTest -->
